nohup: run.sh: No such file or directory
nohup: run.sh: No such file or directory
Requirement already satisfied: appnope==0.1.2 in /opt/homebrew/lib/python3.9/site-packages (from -r requirements.txt (line 1)) (0.1.2)
Requirement already satisfied: attrdict==2.0.1 in /opt/homebrew/lib/python3.9/site-packages (from -r requirements.txt (line 2)) (2.0.1)
Requirement already satisfied: attrs==20.3.0 in /opt/homebrew/lib/python3.9/site-packages (from -r requirements.txt (line 3)) (20.3.0)
Requirement already satisfied: Babel==2.9.0 in /opt/homebrew/lib/python3.9/site-packages (from -r requirements.txt (line 4)) (2.9.0)
Requirement already satisfied: backcall==0.2.0 in /opt/homebrew/lib/python3.9/site-packages (from -r requirements.txt (line 5)) (0.2.0)
Requirement already satisfied: base58==2.1.0 in /opt/homebrew/lib/python3.9/site-packages (from -r requirements.txt (line 6)) (2.1.0)
Requirement already satisfied: cached-property==1.5.2 in /opt/homebrew/lib/python3.9/site-packages (from -r requirements.txt (line 7)) (1.5.2)
Requirement already satisfied: chardet==3.0.4 in /opt/homebrew/lib/python3.9/site-packages (from -r requirements.txt (line 8)) (3.0.4)
Requirement already satisfied: click==7.1.2 in /opt/homebrew/lib/python3.9/site-packages (from -r requirements.txt (line 9)) (7.1.2)
Requirement already satisfied: coverage==5.4 in /opt/homebrew/lib/python3.9/site-packages (from -r requirements.txt (line 10)) (5.4)
Requirement already satisfied: cytoolz==0.11.0 in /opt/homebrew/lib/python3.9/site-packages (from -r requirements.txt (line 11)) (0.11.0)
Requirement already satisfied: decorator==4.4.2 in /opt/homebrew/lib/python3.9/site-packages (from -r requirements.txt (line 12)) (4.4.2)
Requirement already satisfied: eth-abi==2.1.1 in /opt/homebrew/lib/python3.9/site-packages (from -r requirements.txt (line 13)) (2.1.1)
Requirement already satisfied: eth-account==0.5.4 in /opt/homebrew/lib/python3.9/site-packages (from -r requirements.txt (line 14)) (0.5.4)
Requirement already satisfied: eth-bloom==1.0.3 in /opt/homebrew/lib/python3.9/site-packages (from -r requirements.txt (line 15)) (1.0.3)
Requirement already satisfied: eth-hash==0.2.0 in /opt/homebrew/lib/python3.9/site-packages (from -r requirements.txt (line 16)) (0.2.0)
Requirement already satisfied: eth-keyfile==0.5.1 in /opt/homebrew/lib/python3.9/site-packages (from -r requirements.txt (line 17)) (0.5.1)
Requirement already satisfied: eth-keys==0.2.4 in /opt/homebrew/lib/python3.9/site-packages (from -r requirements.txt (line 18)) (0.2.4)
Requirement already satisfied: eth-rlp==0.2.1 in /opt/homebrew/lib/python3.9/site-packages (from -r requirements.txt (line 19)) (0.2.1)
Requirement already satisfied: eth-typing==2.2.2 in /opt/homebrew/lib/python3.9/site-packages (from -r requirements.txt (line 20)) (2.2.2)
Requirement already satisfied: eth-utils==1.9.5 in /opt/homebrew/lib/python3.9/site-packages (from -r requirements.txt (line 21)) (1.9.5)
Requirement already satisfied: etherscan-py==0.2.3 in /opt/homebrew/lib/python3.9/site-packages (from -r requirements.txt (line 22)) (0.2.3)
Requirement already satisfied: etherscan-python==2.0.2 in /opt/homebrew/lib/python3.9/site-packages (from -r requirements.txt (line 23)) (2.0.2)
Requirement already satisfied: Flask==1.1.2 in /opt/homebrew/lib/python3.9/site-packages (from -r requirements.txt (line 24)) (1.1.2)
Requirement already satisfied: hexbytes==0.2.1 in /opt/homebrew/lib/python3.9/site-packages (from -r requirements.txt (line 25)) (0.2.1)
Requirement already satisfied: idna==2.10 in /opt/homebrew/lib/python3.9/site-packages (from -r requirements.txt (line 26)) (2.10)
Requirement already satisfied: ipython==7.20.0 in /opt/homebrew/lib/python3.9/site-packages (from -r requirements.txt (line 27)) (7.20.0)
Requirement already satisfied: ipython-genutils==0.2.0 in /opt/homebrew/lib/python3.9/site-packages (from -r requirements.txt (line 28)) (0.2.0)
Requirement already satisfied: itsdangerous==1.1.0 in /opt/homebrew/lib/python3.9/site-packages (from -r requirements.txt (line 29)) (1.1.0)
Requirement already satisfied: jedi==0.18.0 in /opt/homebrew/lib/python3.9/site-packages (from -r requirements.txt (line 30)) (0.18.0)
Requirement already satisfied: Jinja2==2.11.2 in /opt/homebrew/lib/python3.9/site-packages (from -r requirements.txt (line 31)) (2.11.2)
Requirement already satisfied: jsonschema==3.2.0 in /opt/homebrew/lib/python3.9/site-packages (from -r requirements.txt (line 32)) (3.2.0)
Requirement already satisfied: lru-dict==1.1.6 in /opt/homebrew/lib/python3.9/site-packages (from -r requirements.txt (line 33)) (1.1.6)
Requirement already satisfied: MarkupSafe==1.1.1 in /opt/homebrew/lib/python3.9/site-packages (from -r requirements.txt (line 34)) (1.1.1)
Requirement already satisfied: multiaddr==0.0.9 in /opt/homebrew/lib/python3.9/site-packages (from -r requirements.txt (line 35)) (0.0.9)
Requirement already satisfied: mypy-extensions==0.4.3 in /opt/homebrew/lib/python3.9/site-packages (from -r requirements.txt (line 36)) (0.4.3)
Requirement already satisfied: netaddr==0.8.0 in /opt/homebrew/lib/python3.9/site-packages (from -r requirements.txt (line 37)) (0.8.0)
Requirement already satisfied: oauthlib==3.1.0 in /opt/homebrew/lib/python3.9/site-packages (from -r requirements.txt (line 38)) (3.1.0)
Requirement already satisfied: parsimonious==0.8.1 in /opt/homebrew/lib/python3.9/site-packages (from -r requirements.txt (line 39)) (0.8.1)
Requirement already satisfied: parso==0.8.1 in /opt/homebrew/lib/python3.9/site-packages (from -r requirements.txt (line 40)) (0.8.1)
Requirement already satisfied: pexpect==4.8.0 in /opt/homebrew/lib/python3.9/site-packages (from -r requirements.txt (line 41)) (4.8.0)
Requirement already satisfied: pickleshare==0.7.5 in /opt/homebrew/lib/python3.9/site-packages (from -r requirements.txt (line 42)) (0.7.5)
Requirement already satisfied: prodict==0.8.14 in /opt/homebrew/lib/python3.9/site-packages (from -r requirements.txt (line 43)) (0.8.14)
Requirement already satisfied: prompt-toolkit==3.0.14 in /opt/homebrew/lib/python3.9/site-packages (from -r requirements.txt (line 44)) (3.0.14)
Requirement already satisfied: protobuf==3.14.0 in /opt/homebrew/lib/python3.9/site-packages (from -r requirements.txt (line 45)) (3.14.0)
Requirement already satisfied: ptyprocess==0.7.0 in /opt/homebrew/lib/python3.9/site-packages (from -r requirements.txt (line 46)) (0.7.0)
Requirement already satisfied: py-ecc==1.7.1 in /opt/homebrew/lib/python3.9/site-packages (from -r requirements.txt (line 47)) (1.7.1)
Requirement already satisfied: py-solc-x==1.1.0 in /opt/homebrew/lib/python3.9/site-packages (from -r requirements.txt (line 48)) (1.1.0)
Requirement already satisfied: pycoingecko==1.4.0 in /opt/homebrew/lib/python3.9/site-packages (from -r requirements.txt (line 49)) (1.4.0)
Requirement already satisfied: pycryptodome==3.9.9 in /opt/homebrew/lib/python3.9/site-packages (from -r requirements.txt (line 50)) (3.9.9)
Requirement already satisfied: pyethash==0.1.27 in /opt/homebrew/lib/python3.9/site-packages (from -r requirements.txt (line 51)) (0.1.27)
Requirement already satisfied: Pygments==2.7.4 in /opt/homebrew/lib/python3.9/site-packages (from -r requirements.txt (line 52)) (2.7.4)
Requirement already satisfied: pyrsistent==0.17.3 in /opt/homebrew/lib/python3.9/site-packages (from -r requirements.txt (line 53)) (0.17.3)
Requirement already satisfied: PySocks==1.7.1 in /opt/homebrew/lib/python3.9/site-packages (from -r requirements.txt (line 54)) (1.7.1)
Requirement already satisfied: pytz==2020.5 in /opt/homebrew/lib/python3.9/site-packages (from -r requirements.txt (line 55)) (2020.5)
Requirement already satisfied: requests==2.24.0 in /opt/homebrew/lib/python3.9/site-packages (from -r requirements.txt (line 56)) (2.24.0)
Requirement already satisfied: requests-oauthlib==1.3.0 in /opt/homebrew/lib/python3.9/site-packages (from -r requirements.txt (line 57)) (1.3.0)
Requirement already satisfied: rlp==1.2.0 in /opt/homebrew/lib/python3.9/site-packages (from -r requirements.txt (line 58)) (1.2.0)
Requirement already satisfied: semantic-version==2.8.5 in /opt/homebrew/lib/python3.9/site-packages (from -r requirements.txt (line 59)) (2.8.5)
Requirement already satisfied: six==1.15.0 in /opt/homebrew/lib/python3.9/site-packages (from -r requirements.txt (line 60)) (1.15.0)
Requirement already satisfied: toolz==0.11.1 in /opt/homebrew/lib/python3.9/site-packages (from -r requirements.txt (line 61)) (0.11.1)
Requirement already satisfied: traitlets==5.0.5 in /opt/homebrew/lib/python3.9/site-packages (from -r requirements.txt (line 62)) (5.0.5)
Requirement already satisfied: trie==1.4.0 in /opt/homebrew/lib/python3.9/site-packages (from -r requirements.txt (line 63)) (1.4.0)
Requirement already satisfied: tweepy==3.10.0 in /opt/homebrew/lib/python3.9/site-packages (from -r requirements.txt (line 64)) (3.10.0)
Requirement already satisfied: uniswap-python==0.4.4 in /opt/homebrew/lib/python3.9/site-packages (from -r requirements.txt (line 65)) (0.4.4)
Requirement already satisfied: urllib3==1.25.11 in /opt/homebrew/lib/python3.9/site-packages (from -r requirements.txt (line 66)) (1.25.11)
Requirement already satisfied: varint==1.0.2 in /opt/homebrew/lib/python3.9/site-packages (from -r requirements.txt (line 67)) (1.0.2)
Requirement already satisfied: wcwidth==0.2.5 in /opt/homebrew/lib/python3.9/site-packages (from -r requirements.txt (line 68)) (0.2.5)
Requirement already satisfied: web3==5.15.0 in /opt/homebrew/lib/python3.9/site-packages (from -r requirements.txt (line 69)) (5.15.0)
Requirement already satisfied: websockets==8.1 in /opt/homebrew/lib/python3.9/site-packages (from -r requirements.txt (line 70)) (8.1)
Requirement already satisfied: Werkzeug==1.0.1 in /opt/homebrew/lib/python3.9/site-packages (from -r requirements.txt (line 71)) (1.0.1)
Requirement already satisfied: Pillow~=8.1.0 in /opt/homebrew/lib/python3.9/site-packages (from -r requirements.txt (line 72)) (8.1.0)
Requirement already satisfied: bitarray<1.3.0,>=1.2.1 in /opt/homebrew/lib/python3.9/site-packages (from eth-account==0.5.4->-r requirements.txt (line 14)) (1.2.2)
Requirement already satisfied: setuptools>=18.5 in /opt/homebrew/lib/python3.9/site-packages (from ipython==7.20.0->-r requirements.txt (line 27)) (51.0.0)
Requirement already satisfied: certifi>=2017.4.17 in /opt/homebrew/lib/python3.9/site-packages (from requests==2.24.0->-r requirements.txt (line 56)) (2020.12.5)
Requirement already satisfied: ipfshttpclient==0.7.0a1 in /opt/homebrew/lib/python3.9/site-packages (from web3==5.15.0->-r requirements.txt (line 69)) (0.7.0a1)
23:45:11 02/08/21 EST - Polling for events on 0xc6c11f32d3ccc3beaac68793bc3bfbe82838ca9f
Processing transactionHash: 0x9131526f5e5eac95670d83bc3adefb899f4f2d01c3cf17a8b4adcda36615944e
23:45:11 02/08/21 EST - Polling for events on 0xc6c11f32d3ccc3beaac68793bc3bfbe82838ca9f
Processing transactionHash: 0xa638c00d5376e85ef921ab2774b7faf5679470f8d977355c9363f0057ba0d24f
23:45:11 02/08/21 EST - Polling for events on 0xc6c11f32d3ccc3beaac68793bc3bfbe82838ca9f
Processing transactionHash: 0x99b00024350165e8a5c333d7772276603a2d3616d4db66a47b15dafa9b7d4871
23:45:11 02/08/21 EST - Polling for events on 0xc6c11f32d3ccc3beaac68793bc3bfbe82838ca9f
Processing transactionHash: 0xcf0d2cea4e71163434917dd0f6e25298baf91b41f73f8e1ff61f609bc3b2e703
23:45:11 02/08/21 EST - Polling for events on 0xc6c11f32d3ccc3beaac68793bc3bfbe82838ca9f
Processing transactionHash: 0x5e29c8735e9cd04ca57e6178d2f7d0baed38cce71b889fc6f5bf276a5bc794c9
23:45:11 02/08/21 EST - Polling for events on 0xc6c11f32d3ccc3beaac68793bc3bfbe82838ca9f
Processing transactionHash: 0x5424ab188cc297eed3724090608b0fd0e72249d40e93a4d1d144d63b739c9948
23:45:11 02/08/21 EST - Polling for events on 0xc6c11f32d3ccc3beaac68793bc3bfbe82838ca9f
Processing transactionHash: 0xb5c78d2ef090ca60ea4a0e73128d5575476b324a966e32b117da107e2e11f48b
23:45:11 02/08/21 EST - Polling for events on 0xc6c11f32d3ccc3beaac68793bc3bfbe82838ca9f
Processing transactionHash: 0x17683b54d1b75936abe2c1f787982856d87bc52a9b68bb977f54763a979bf2d9
